#
# There is insufficient memory for the Java Runtime Environment to continue.
# Native memory allocation (malloc) failed to allocate 112080 bytes for Chunk::new
# Possible reasons:
#   The system is out of physical RAM or swap space
#   In 32 bit mode, the process size limit was hit
# Possible solutions:
#   Reduce memory load on the system
#   Increase physical memory or swap space
#   Check if swap backing store is full
#   Use 64 bit Java on a 64 bit OS
#   Decrease Java heap size (-Xmx/-Xms)
#   Decrease number of Java threads
#   Decrease Java thread stack sizes (-Xss)
#   Set larger code cache with -XX:ReservedCodeCacheSize=
# This output file may be truncated or incomplete.
#
#  Out of Memory Error (allocation.cpp:390), pid=5080, tid=1196
#
# JRE version: Java(TM) SE Runtime Environment (8.0_65-b17) (build 1.8.0_65-b17)
# Java VM: Java HotSpot(TM) 64-Bit Server VM (25.65-b01 mixed mode windows-amd64 compressed oops)
# Failed to write core dump. Minidumps are not enabled by default on client versions of Windows
#

---------------  T H R E A D  ---------------

Current thread (0x0000000014af6800):  JavaThread "C2 CompilerThread1" daemon [_thread_in_native, id=1196, stack(0x00000000161d0000,0x00000000162d0000)]

Stack: [0x00000000161d0000,0x00000000162d0000]
[error occurred during error reporting (printing stack bounds), id 0xc0000005]

Native frames: (J=compiled Java code, j=interpreted, Vv=VM code, C=native code)


Current CompileTask:
C2:   4849 1521       4       java.util.TreeMap::put (247 bytes)


---------------  P R O C E S S  ---------------

Java Threads: ( => current thread )
  0x0000000016579000 JavaThread "pool-1-thread-1" [_thread_in_vm, id=6992, stack(0x00000000169d0000,0x0000000016ad0000)]
  0x00000000163d5800 JavaThread "Service Thread" daemon [_thread_blocked, id=7224, stack(0x00000000167d0000,0x00000000168d0000)]
  0x0000000014afc800 JavaThread "C1 CompilerThread2" daemon [_thread_in_native, id=6840, stack(0x00000000162d0000,0x00000000163d0000)]
=>0x0000000014af6800 JavaThread "C2 CompilerThread1" daemon [_thread_in_native, id=1196, stack(0x00000000161d0000,0x00000000162d0000)]
  0x0000000014a9a800 JavaThread "C2 CompilerThread0" daemon [_thread_in_native, id=5032, stack(0x00000000160d0000,0x00000000161d0000)]
  0x0000000014a99800 JavaThread "Attach Listener" daemon [_thread_blocked, id=6972, stack(0x0000000015fd0000,0x00000000160d0000)]
  0x0000000014a98000 JavaThread "Signal Dispatcher" daemon [_thread_blocked, id=3044, stack(0x0000000015ed0000,0x0000000015fd0000)]
  0x0000000002336000 JavaThread "Finalizer" daemon [_thread_blocked, id=5192, stack(0x0000000015cf0000,0x0000000015df0000)]
  0x000000000232d000 JavaThread "Reference Handler" daemon [_thread_blocked, id=3896, stack(0x0000000015bf0000,0x0000000015cf0000)]
  0x0000000002240800 JavaThread "main" [_thread_blocked, id=6412, stack(0x0000000000a10000,0x0000000000b10000)]

Other Threads:
  0x0000000014a67800 VMThread [stack: 0x0000000015af0000,0x0000000015bf0000] [id=2412]
  0x00000000163d9000 WatcherThread [stack: 0x00000000168d0000,0x00000000169d0000] [id=6136]

VM state:not at safepoint (normal execution)

VM Mutex/Monitor currently owned by a thread: None

Heap:
 PSYoungGen      total 53248K, used 4217K [0x00000000eab00000, 0x00000000ee300000, 0x0000000100000000)
  eden space 49152K, 0% used [0x00000000eab00000,0x00000000eab22630,0x00000000edb00000)
  from space 4096K, 99% used [0x00000000edf00000,0x00000000ee2fc038,0x00000000ee300000)
  to   space 4096K, 0% used [0x00000000edb00000,0x00000000edb00000,0x00000000edf00000)
 ParOldGen       total 65536K, used 4214K [0x00000000c0000000, 0x00000000c4000000, 0x00000000eab00000)
  object space 65536K, 6% used [0x00000000c0000000,0x00000000c041d8b0,0x00000000c4000000)
 Metaspace       used 6209K, capacity 7096K, committed 7296K, reserved 1056768K
  class space    used 606K, capacity 624K, committed 640K, reserved 1048576K

Card table byte_map: [0x0000000011790000,0x00000000119a0000] byte_map_base: 0x0000000011190000

Marking Bits: (ParMarkBitMap*) 0x0000000071e1a5b0
 Begin Bits: [0x0000000011f00000, 0x0000000012f00000)
 End Bits:   [0x0000000012f00000, 0x0000000013f00000)

Polling page: 0x00000000009e0000

CodeCache: size=245760Kb used=6287Kb max_used=6287Kb free=239472Kb
 bounds [0x00000000023d0000, 0x0000000002a00000, 0x00000000113d0000]
 total_blobs=1806 nmethods=1538 adapters=181
 compilation: enabled

Compilation events (10 events):
Event: 4.845 Thread 0x0000000014afc800 nmethod 1531 0x00000000029eaa90 code [0x00000000029eabe0, 0x00000000029eacf0]
Event: 4.845 Thread 0x0000000014afc800 1533       3       com.android.dx.dex.file.StringIdItem::addContents (36 bytes)
Event: 4.846 Thread 0x0000000014afc800 nmethod 1533 0x00000000029f2590 code [0x00000000029f2760, 0x00000000029f3098]
Event: 4.846 Thread 0x0000000014afc800 1537       3       com.android.dex.Leb128::unsignedLeb128Size (26 bytes)
Event: 4.846 Thread 0x0000000014afc800 nmethod 1537 0x00000000029f2110 code [0x00000000029f2280, 0x00000000029f2470]
Event: 4.846 Thread 0x0000000014afc800 1534       3       com.android.dx.dex.file.StringDataItem::<init> (15 bytes)
Event: 4.846 Thread 0x0000000014a9a800 nmethod 1530 0x00000000029f4c10 code [0x00000000029f4d40, 0x00000000029f4df8]
Event: 4.846 Thread 0x0000000014a9a800 1532       4       java.util.TreeMap$PrivateEntryIterator::nextEntry (54 bytes)
Event: 4.847 Thread 0x0000000014afc800 nmethod 1534 0x00000000029f6fd0 code [0x00000000029f7180, 0x00000000029f7808]
Event: 4.847 Thread 0x0000000014afc800 1535       3       com.android.dx.dex.file.StringDataItem::writeSize (17 bytes)

GC Heap History (4 events):
Event: 3.766 GC heap before
{Heap before GC invocations=1 (full 0):
 PSYoungGen      total 28672K, used 24576K [0x00000000eab00000, 0x00000000ecb00000, 0x0000000100000000)
  eden space 24576K, 100% used [0x00000000eab00000,0x00000000ec300000,0x00000000ec300000)
  from space 4096K, 0% used [0x00000000ec700000,0x00000000ec700000,0x00000000ecb00000)
  to   space 4096K, 0% used [0x00000000ec300000,0x00000000ec300000,0x00000000ec700000)
 ParOldGen       total 65536K, used 0K [0x00000000c0000000, 0x00000000c4000000, 0x00000000eab00000)
  object space 65536K, 0% used [0x00000000c0000000,0x00000000c0000000,0x00000000c4000000)
 Metaspace       used 5941K, capacity 6896K, committed 7040K, reserved 1056768K
  class space    used 596K, capacity 616K, committed 640K, reserved 1048576K
Event: 3.875 GC heap after
Heap after GC invocations=1 (full 0):
 PSYoungGen      total 28672K, used 4068K [0x00000000eab00000, 0x00000000ee300000, 0x0000000100000000)
  eden space 24576K, 0% used [0x00000000eab00000,0x00000000eab00000,0x00000000ec300000)
  from space 4096K, 99% used [0x00000000ec300000,0x00000000ec6f92a8,0x00000000ec700000)
  to   space 4096K, 0% used [0x00000000edf00000,0x00000000edf00000,0x00000000ee300000)
 ParOldGen       total 65536K, used 1280K [0x00000000c0000000, 0x00000000c4000000, 0x00000000eab00000)
  object space 65536K, 1% used [0x00000000c0000000,0x00000000c0140298,0x00000000c4000000)
 Metaspace       used 5941K, capacity 6896K, committed 7040K, reserved 1056768K
  class space    used 596K, capacity 616K, committed 640K, reserved 1048576K
}
Event: 4.738 GC heap before
{Heap before GC invocations=2 (full 0):
 PSYoungGen      total 28672K, used 28644K [0x00000000eab00000, 0x00000000ee300000, 0x0000000100000000)
  eden space 24576K, 100% used [0x00000000eab00000,0x00000000ec300000,0x00000000ec300000)
  from space 4096K, 99% used [0x00000000ec300000,0x00000000ec6f92a8,0x00000000ec700000)
  to   space 4096K, 0% used [0x00000000edf00000,0x00000000edf00000,0x00000000ee300000)
 ParOldGen       total 65536K, used 1280K [0x00000000c0000000, 0x00000000c4000000, 0x00000000eab00000)
  object space 65536K, 1% used [0x00000000c0000000,0x00000000c0140298,0x00000000c4000000)
 Metaspace       used 6191K, capacity 7030K, committed 7296K, reserved 1056768K
  class space    used 604K, capacity 622K, committed 640K, reserved 1048576K
Event: 4.842 GC heap after
Heap after GC invocations=2 (full 0):
 PSYoungGen      total 53248K, used 4080K [0x00000000eab00000, 0x00000000ee300000, 0x0000000100000000)
  eden space 49152K, 0% used [0x00000000eab00000,0x00000000eab00000,0x00000000edb00000)
  from space 4096K, 99% used [0x00000000edf00000,0x00000000ee2fc038,0x00000000ee300000)
  to   space 4096K, 0% used [0x00000000edb00000,0x00000000edb00000,0x00000000edf00000)
 ParOldGen       total 65536K, used 4214K [0x00000000c0000000, 0x00000000c4000000, 0x00000000eab00000)
  object space 65536K, 6% used [0x00000000c0000000,0x00000000c041d8b0,0x00000000c4000000)
 Metaspace       used 6191K, capacity 7030K, committed 7296K, reserved 1056768K
  class space    used 604K, capacity 622K, committed 640K, reserved 1048576K
}

Deoptimization events (10 events):
Event: 4.611 Thread 0x0000000016579000 Uncommon trap: reason=class_check action=maybe_recompile pc=0x000000000283df48 method=java.util.Arrays.hashCode([Ljava/lang/Object;)I @ 43
Event: 4.611 Thread 0x0000000016579000 Uncommon trap: reason=class_check action=maybe_recompile pc=0x000000000283df48 method=java.util.Arrays.hashCode([Ljava/lang/Object;)I @ 43
Event: 4.612 Thread 0x0000000016579000 Uncommon trap: reason=class_check action=maybe_recompile pc=0x000000000283df48 method=java.util.Arrays.hashCode([Ljava/lang/Object;)I @ 43
Event: 4.612 Thread 0x0000000016579000 Uncommon trap: reason=class_check action=maybe_recompile pc=0x000000000283e528 method=java.util.Arrays.hashCode([Ljava/lang/Object;)I @ 43
Event: 4.661 Thread 0x0000000016579000 Uncommon trap: reason=bimorphic action=maybe_recompile pc=0x000000000296cdd4 method=java.util.HashMap.putVal(ILjava/lang/Object;Ljava/lang/Object;ZZ)Ljava/lang/Object; @ 203
Event: 4.663 Thread 0x0000000016579000 Uncommon trap: reason=bimorphic action=maybe_recompile pc=0x000000000296cdd4 method=java.util.HashMap.putVal(ILjava/lang/Object;Ljava/lang/Object;ZZ)Ljava/lang/Object; @ 203
Event: 4.673 Thread 0x0000000016579000 Uncommon trap: reason=bimorphic action=maybe_recompile pc=0x000000000296cdd4 method=java.util.HashMap.putVal(ILjava/lang/Object;Ljava/lang/Object;ZZ)Ljava/lang/Object; @ 203
Event: 4.676 Thread 0x0000000016579000 Uncommon trap: reason=bimorphic action=maybe_recompile pc=0x000000000296cdd4 method=java.util.HashMap.putVal(ILjava/lang/Object;Ljava/lang/Object;ZZ)Ljava/lang/Object; @ 203
Event: 4.676 Thread 0x0000000016579000 Uncommon trap: reason=class_check action=maybe_recompile pc=0x00000000029244cc method=java.util.HashMap.putVal(ILjava/lang/Object;Ljava/lang/Object;ZZ)Ljava/lang/Object; @ 203
Event: 4.676 Thread 0x0000000016579000 Uncommon trap: reason=class_check action=maybe_recompile pc=0x00000000029244cc method=java.util.HashMap.putVal(ILjava/lang/Object;Ljava/lang/Object;ZZ)Ljava/lang/Object; @ 203

Internal exceptions (2 events):
Event: 0.444 Thread 0x0000000002240800 Exception <a 'java/lang/NoSuchMethodError': Method sun.misc.Unsafe.defineClass(Ljava/lang/String;[BII)Ljava/lang/Class; name or signature does not match> (0x00000000eab0d6b0) thrown at [C:\workspace\8-2-build-windows-amd64-cygwin\jdk8u65\4987\hotspot\src\s(©Ìm‹?
Event: 0.444 Thread 0x0000000002240800 Exception <a 'java/lang/NoSuchMethodError': Method sun.misc.Unsafe.prefetchRead(Ljava/lang/Object;J)V name or signature does not match> (0x00000000eab0d998) thrown at [C:\workspace\8-2-build-windows-amd64-cygwin\jdk8u65\4987\hotspot\src\share\vm\prims\jni.

Events (10 events):
Event: 4.734 Executing VM operation: EnableBiasedLocking
Event: 4.734 Executing VM operation: EnableBiasedLocking done
Event: 4.737 Executing VM operation: ParallelGCFailedAllocation
Event: 4.843 Executing VM operation: ParallelGCFailedAllocation done
Event: 4.844 loading class com/android/dex/Leb128
Event: 4.844 loading class com/android/dex/Leb128 done
Event: 4.846 loading class java/util/Collections$1
Event: 4.846 loading class java/util/Collections$1 done
Event: 4.846 loading class com/android/dx/dex/file/MixedItemSection$2
Event: 4.846 loading class com/android/dx/dex/file/MixedItemSection$2 done


Dynamic libraries:
0x00007ff6f58a0000 - 0x00007ff6f58d7000 	C:\Program Files\Java\jdk1.8.0_65\bin\java.exe
0x00007ffc91920000 - 0x00007ffc91acd000 	C:\Windows\SYSTEM32\ntdll.dll
0x00007ffc91450000 - 0x00007ffc9158e000 	C:\Windows\system32\KERNEL32.DLL
0x00007ffc8ed00000 - 0x00007ffc8ee15000 	C:\Windows\system32\KERNELBASE.dll
0x00007ffc8d620000 - 0x00007ffc8d6ae000 	C:\Windows\system32\apphelp.dll
0x00007ffc8b300000 - 0x00007ffc8b353000 	C:\Windows\AppPatch\AppPatch64\AcGenral.DLL
0x00007ffc8f250000 - 0x00007ffc8f2fa000 	C:\Windows\system32\msvcrt.dll
0x00007ffc8eed0000 - 0x00007ffc8eefe000 	C:\Windows\system32\SspiCli.dll
0x00007ffc8f5a0000 - 0x00007ffc8f5f4000 	C:\Windows\system32\SHLWAPI.dll
0x00007ffc91100000 - 0x00007ffc91277000 	C:\Windows\system32\USER32.dll
0x00007ffc8f070000 - 0x00007ffc8f204000 	C:\Windows\system32\ole32.dll
0x00007ffc8f620000 - 0x00007ffc90b4a000 	C:\Windows\system32\SHELL32.dll
0x00007ffc8e020000 - 0x00007ffc8e041000 	C:\Windows\SYSTEM32\USERENV.dll
0x00007ffc90b60000 - 0x00007ffc90c0a000 	C:\Windows\system32\ADVAPI32.dll
0x00007ffc81d70000 - 0x00007ffc81d8e000 	C:\Windows\SYSTEM32\MPR.dll
0x00007ffc8f460000 - 0x00007ffc8f5a0000 	C:\Windows\system32\RPCRT4.dll
0x00007ffc916e0000 - 0x00007ffc91739000 	C:\Windows\SYSTEM32\sechost.dll
0x00007ffc90c10000 - 0x00007ffc90e21000 	C:\Windows\SYSTEM32\combase.dll
0x00007ffc91590000 - 0x00007ffc916df000 	C:\Windows\system32\GDI32.dll
0x00007ffc8ea50000 - 0x00007ffc8ea65000 	C:\Windows\SYSTEM32\profapi.dll
0x00007ffc8d560000 - 0x00007ffc8d612000 	C:\Windows\SYSTEM32\SHCORE.dll
0x00007ffc8f210000 - 0x00007ffc8f246000 	C:\Windows\system32\IMM32.DLL
0x00007ffc8f300000 - 0x00007ffc8f452000 	C:\Windows\system32\MSCTF.dll
0x00007ffc8b910000 - 0x00007ffc8bb8b000 	C:\Windows\WinSxS\amd64_microsoft.windows.common-controls_6595b64144ccf1df_6.0.9600.18006_none_623f33d3ecbe86e8\COMCTL32.dll
0x0000000071040000 - 0x0000000071112000 	C:\Program Files\Java\jdk1.8.0_65\jre\bin\msvcr100.dll
0x0000000071610000 - 0x0000000071e99000 	C:\Program Files\Java\jdk1.8.0_65\jre\bin\server\jvm.dll
0x00007ffc8d0f0000 - 0x00007ffc8d0f9000 	C:\Windows\SYSTEM32\WSOCK32.dll
0x00007ffc8ce90000 - 0x00007ffc8ceb2000 	C:\Windows\SYSTEM32\WINMM.dll
0x00007ffc86930000 - 0x00007ffc8693a000 	C:\Windows\SYSTEM32\VERSION.dll
0x00007ffc90f70000 - 0x00007ffc90f77000 	C:\Windows\system32\PSAPI.DLL
0x00007ffc90fe0000 - 0x00007ffc9103a000 	C:\Windows\system32\WS2_32.dll
0x00007ffc8ce40000 - 0x00007ffc8ce6a000 	C:\Windows\SYSTEM32\WINMMBASE.dll
0x00007ffc8f610000 - 0x00007ffc8f619000 	C:\Windows\system32\NSI.dll
0x00007ffc8ef60000 - 0x00007ffc8efaf000 	C:\Windows\SYSTEM32\cfgmgr32.dll
0x00007ffc8d890000 - 0x00007ffc8d8b8000 	C:\Windows\SYSTEM32\DEVOBJ.dll
0x0000000071520000 - 0x000000007152f000 	C:\Program Files\Java\jdk1.8.0_65\jre\bin\verify.dll
0x00000000714f0000 - 0x0000000071519000 	C:\Program Files\Java\jdk1.8.0_65\jre\bin\java.dll
0x00000000714d0000 - 0x00000000714e6000 	C:\Program Files\Java\jdk1.8.0_65\jre\bin\zip.dll

VM Arguments:
jvm_args: -Djava.awt.headless=true -Xmx1024M -Dfile.encoding=windows-1252 -Duser.country=US -Duser.language=en -Duser.variant 
java_command: com.android.dx.command.Main --dex --force-jumbo --num-threads=4 --multi-dex --output H:\SP\Tradesomev4\app\build\intermediates\transforms\dex\debug\folders\1000\10\com.google.android.gms-play-services-appindexing-9.2.0_36358d1b5b8d5e72cb32ea8bfcc60104a749b860 H:\SP\Tradesomev4\app\build\intermediates\exploded-aar\com.google.android.gms\play-services-appindexing\9.2.0\jars\classes.jar
java_class_path (initial): C:\Users\Pastillas-Boy\AppData\Local\Android\sdk\build-tools\23.0.3\lib\dx.jar
Launcher Type: SUN_STANDARD

Environment Variables:
PATH=C:\ProgramData\Oracle\Java\javapath;C:\Program Files (x86)\HP SimplePass\x64;C:\Program Files (x86)\HP SimplePass\;C:\Windows\system32;C:\Windows;C:\Windows\System32\Wbem;C:\Windows\System32\WindowsPowerShell\v1.0\;C:\Program Files (x86)\Intel\OpenCL SDK\2.0\bin\x86;C:\Program Files (x86)\Intel\OpenCL SDK\2.0\bin\x64;C:\Program Files\Java\jdk1.8.0_65\bin;C:\Dev-C++\Dev-Cpp\MinGW64\bin;C:\Program Files (x86)\Common Files\lenovo\easyplussdk\bin;C:\xampp\mysql\bin;C:\xampp\apache\bin;C:\openssl\bin
USERNAME=Pastillas-Boy
OS=Windows_NT
PROCESSOR_IDENTIFIER=Intel64 Family 6 Model 58 Stepping 9, GenuineIntel



---------------  S Y S T E M  ---------------

OS: Windows 8.1 , 64 bit Build 9600 (6.3.9600.17415)

CPU:total 4 (2 cores per cpu, 2 threads per core) family 6 model 58 stepping 9, cmov, cx8, fxsr, mmx, sse, sse2, sse3, ssse3, sse4.1, sse4.2, popcnt, avx, clmul, erms, ht, tsc, tscinvbit, tscinv

Memory: 4k page, physical 6184296k(1170852k free), swap 9330024k(5136k free)

vm_info: Java HotSpot(TM) 64-Bit Server VM (25.65-b01) for windows-amd64 JRE (1.8.0_65-b17), built on Oct  6 2015 16:39:20 by "java_re" with MS VC++ 10.0 (VS2010)

time: Sun Jul 10 16:54:30 2016
elapsed time: 4 seconds (0d 0h 0m 4s)

