#
# A fatal error has been detected by the Java Runtime Environment:
#
#  EXCEPTION_ACCESS_VIOLATION (0xc0000005) at pc=0x00000000718218b7, pid=6388, tid=5212
#
# JRE version: Java(TM) SE Runtime Environment (8.0_65-b17) (build 1.8.0_65-b17)
# Java VM: Java HotSpot(TM) 64-Bit Server VM (25.65-b01 mixed mode windows-amd64 compressed oops)
# Problematic frame:
# V  [jvm.dll+0x2118b7]
#
# Failed to write core dump. Minidumps are not enabled by default on client versions of Windows
#
# If you would like to submit a bug report, please visit:
#   http://bugreport.java.com/bugreport/crash.jsp
#

---------------  T H R E A D  ---------------

Current thread (0x00000000160f2000):  JavaThread "pool-2-thread-3" [_thread_in_vm, id=5212, stack(0x00000000167b0000,0x00000000168b0000)]

siginfo: ExceptionCode=0xc0000005, writing address 0x00000000168aa010

Registers:
RAX=0x00000000168aa010, RBX=0x0000000000000006, RCX=0x0000000000005000, RDX=0x0000000000000006
RSP=0x00000000168af010, RBP=0x0000000000000000, RSI=0x00000000168af010, RDI=0x0000000000000006
R8 =0x0000000000000006, R9 =0x0000000015fcd720, R10=0x0000000013bfd508, R11=0x00000000167ba148
R12=0x0000000015fcd720, R13=0x00000000160f2000, R14=0x00000000168af0d8, R15=0x0000000013bfd508
RIP=0x00000000718218b7, EFLAGS=0x0000000000010202

Top of Stack: (sp=0x00000000168af010)
0x00000000168af010:   00007ffc91920000 00007ffc86931202
0x00000000168af020:   00000000160f2000 0000000015fcd720
0x00000000168af030:   00000000ffffffff 00000000718227e7
0x00000000168af040:   00000000168af140 0000000013bfd508
0x00000000168af050:   00000000160f2000 00000000716cf333
0x00000000168af060:   00000000168af0a0 00000000160f2000
0x00000000168af070:   00000000168af130 00000000160f2000
0x00000000168af080:   0000000013bfd508 00000000160f2000
0x00000000168af090:   0000000001eb10e0 00000000160f2000
0x00000000168af0a0:   0000000013bfd508 00000000160f2000
0x00000000168af0b0:   0000000013bfd508 00000000160f2000
0x00000000168af0c0:   0000000000000001 0000000013bfd508
0x00000000168af0d0:   00000000160f2000 0000000015ed8130
0x00000000168af0e0:   00000000160f2000 00000000716d081d
0x00000000168af0f0:   00000000168af3f8 00000001000069a0
0x00000000168af100:   00000001000069a0 00007ffc9193c073 

Instructions: (pc=0x00000000718218b7)
0x0000000071821897:   48 89 6c 24 30 33 ed 66 90 e8 ab 36 08 00 ff c3
0x00000000718218a7:   48 63 c8 48 8b c6 48 0f af cf 48 ff c7 48 2b c1
0x00000000718218b7:   89 28 48 63 c3 48 3b 05 cd 9d 58 00 7e db 48 8b
0x00000000718218c7:   6c 24 30 48 8b 5c 24 38 48 8b 74 24 40 48 83 c4 


Register to memory mapping:

RAX=0x00000000168aa010 is pointing into the stack for thread: 0x00000000160f2000
RBX=0x0000000000000006 is an unknown value
RCX=0x0000000000005000 is an unknown value
RDX=0x0000000000000006 is an unknown value
RSP=0x00000000168af010 is pointing into the stack for thread: 0x00000000160f2000
RBP=0x0000000000000000 is an unknown value
RSI=0x00000000168af010 is pointing into the stack for thread: 0x00000000160f2000
RDI=0x0000000000000006 is an unknown value
R8 =0x0000000000000006 is an unknown value
R9 =0x0000000015fcd720 is an unknown value
R10={method} {0x0000000013bfd510} 'run' '()V' in 'java/lang/Thread'
R11=0x00000000167ba148 is pointing into the stack for thread: 0x00000000160f2000
R12=0x0000000015fcd720 is an unknown value
R13=0x00000000160f2000 is a thread
R14=0x00000000168af0d8 is pointing into the stack for thread: 0x00000000160f2000
R15={method} {0x0000000013bfd510} 'run' '()V' in 'java/lang/Thread'


Stack: [0x00000000167b0000,0x00000000168b0000],  sp=0x00000000168af010,  free space=1020k
Native frames: (J=compiled Java code, j=interpreted, Vv=VM code, C=native code)


---------------  P R O C E S S  ---------------

Java Threads: ( => current thread )
  0x00000000160f3000 JavaThread "pool-2-thread-4" [_thread_blocked, id=2416, stack(0x00000000168b0000,0x00000000169b0000)]
=>0x00000000160f2000 JavaThread "pool-2-thread-3" [_thread_in_vm, id=5212, stack(0x00000000167b0000,0x00000000168b0000)]
  0x00000000160eb800 JavaThread "pool-2-thread-2" [_thread_blocked, id=4668, stack(0x00000000166b0000,0x00000000167b0000)]
  0x0000000015fdd800 JavaThread "pool-3-thread-1" [_thread_blocked, id=8068, stack(0x00000000165b0000,0x00000000166b0000)]
  0x0000000015fd7800 JavaThread "pool-2-thread-1" [_thread_in_Java, id=6760, stack(0x00000000164b0000,0x00000000165b0000)]
  0x0000000015eb3800 JavaThread "Service Thread" daemon [_thread_blocked, id=3880, stack(0x00000000162b0000,0x00000000163b0000)]
  0x00000000145ca800 JavaThread "C1 CompilerThread2" daemon [_thread_blocked, id=7548, stack(0x0000000015db0000,0x0000000015eb0000)]
  0x00000000145c7800 JavaThread "C2 CompilerThread1" daemon [_thread_blocked, id=8160, stack(0x0000000015cb0000,0x0000000015db0000)]
  0x000000001456a000 JavaThread "C2 CompilerThread0" daemon [_thread_blocked, id=5652, stack(0x0000000015bb0000,0x0000000015cb0000)]
  0x0000000014569000 JavaThread "Attach Listener" daemon [_thread_blocked, id=3212, stack(0x0000000015ab0000,0x0000000015bb0000)]
  0x0000000014567800 JavaThread "Signal Dispatcher" daemon [_thread_blocked, id=4648, stack(0x00000000159b0000,0x0000000015ab0000)]
  0x0000000001e97000 JavaThread "Finalizer" daemon [_thread_blocked, id=2940, stack(0x00000000157d0000,0x00000000158d0000)]
  0x0000000001e8d000 JavaThread "Reference Handler" daemon [_thread_blocked, id=5144, stack(0x00000000156d0000,0x00000000157d0000)]
  0x0000000001da0800 JavaThread "main" [_thread_blocked, id=3784, stack(0x0000000001ca0000,0x0000000001da0000)]

Other Threads:
  0x0000000014537800 VMThread [stack: 0x00000000155d0000,0x00000000156d0000] [id=4152]
  0x0000000015ed5000 WatcherThread [stack: 0x00000000163b0000,0x00000000164b0000] [id=6824]

VM state:not at safepoint (normal execution)

VM Mutex/Monitor currently owned by a thread: None

Heap:
 PSYoungGen      total 28672K, used 8398K [0x00000000eab00000, 0x00000000ecb00000, 0x0000000100000000)
  eden space 24576K, 34% used [0x00000000eab00000,0x00000000eb333ad0,0x00000000ec300000)
  from space 4096K, 0% used [0x00000000ec700000,0x00000000ec700000,0x00000000ecb00000)
  to   space 4096K, 0% used [0x00000000ec300000,0x00000000ec300000,0x00000000ec700000)
 ParOldGen       total 65536K, used 0K [0x00000000c0000000, 0x00000000c4000000, 0x00000000eab00000)
  object space 65536K, 0% used [0x00000000c0000000,0x00000000c0000000,0x00000000c4000000)
 Metaspace       used 4153K, capacity 5456K, committed 5760K, reserved 1056768K
  class space    used 463K, capacity 520K, committed 640K, reserved 1048576K

Card table byte_map: [0x0000000011260000,0x0000000011470000] byte_map_base: 0x0000000010c60000

Marking Bits: (ParMarkBitMap*) 0x0000000071e1a5b0
 Begin Bits: [0x00000000119d0000, 0x00000000129d0000)
 End Bits:   [0x00000000129d0000, 0x00000000139d0000)

Polling page: 0x00000000002f0000

CodeCache: size=245760Kb used=1860Kb max_used=1860Kb free=243899Kb
 bounds [0x0000000001ea0000, 0x0000000002110000, 0x0000000010ea0000]
 total_blobs=557 nmethods=304 adapters=166
 compilation: enabled

Compilation events (10 events):
Event: 3.834 Thread 0x00000000145ca800  268       1       com.android.dx.rop.cst.CstMemberRef::getDefiningClass (5 bytes)
Event: 3.834 Thread 0x00000000145ca800 nmethod 268 0x0000000002054ed0 code [0x0000000002055020, 0x0000000002055130]
Event: 3.834 Thread 0x00000000145ca800  269       1       com.android.dx.cf.attrib.AttConstantValue::getConstantValue (5 bytes)
Event: 3.834 Thread 0x00000000145ca800 nmethod 269 0x0000000002055190 code [0x00000000020552e0, 0x00000000020553f0]
Event: 3.834 Thread 0x00000000145ca800  270       3       java.util.HashMap::putVal (300 bytes)
Event: 3.836 Thread 0x00000000145ca800 nmethod 270 0x0000000002055450 code [0x00000000020556c0, 0x0000000002056978]
Event: 3.836 Thread 0x00000000145ca800  271       3       java.util.TreeMap::put (247 bytes)
Event: 3.836 Thread 0x000000001456a000  275       4       java.lang.String::equals (81 bytes)
Event: 3.838 Thread 0x00000000145ca800 nmethod 271 0x0000000002057050 code [0x00000000020572c0, 0x0000000002058498]
Event: 3.838 Thread 0x00000000145ca800  273       3       java.util.TreeMap::colorOf (13 bytes)

GC Heap History (0 events):
No events

Deoptimization events (0 events):
No events

Internal exceptions (2 events):
Event: 0.460 Thread 0x0000000001da0800 Exception <a 'java/lang/NoSuchMethodError': Method sun.misc.Unsafe.defineClass(Ljava/lang/String;[BII)Ljava/lang/Class; name or signature does not match> (0x00000000eab0d238) thrown at [C:\workspace\8-2-build-windows-amd64-cygwin\jdk8u65\4987\hotspot\src\s¿BeìoÝ?
Event: 0.460 Thread 0x0000000001da0800 Exception <a 'java/lang/NoSuchMethodError': Method sun.misc.Unsafe.prefetchRead(Ljava/lang/Object;J)V name or signature does not match> (0x00000000eab0d520) thrown at [C:\workspace\8-2-build-windows-amd64-cygwin\jdk8u65\4987\hotspot\src\share\vm\prims\jni.

Events (10 events):
Event: 3.822 loading class com/android/dx/cf/code/BasicBlocker
Event: 3.822 loading class com/android/dx/cf/code/BasicBlocker done
Event: 3.823 loading class com/android/dx/util/Bits
Event: 3.823 loading class com/android/dx/util/Bits done
Event: 3.824 loading class com/android/dx/util/IntList
Event: 3.824 loading class com/android/dx/util/IntList done
Event: 3.824 loading class com/android/dx/cf/code/ByteOps
Event: 3.824 loading class com/android/dx/cf/code/ByteOps done
Event: 3.825 loading class com/android/dx/rop/cst/CstEnumRef
Event: 3.825 loading class com/android/dx/rop/cst/CstEnumRef done


Dynamic libraries:
0x00007ff6f58a0000 - 0x00007ff6f58d7000 	C:\Program Files\Java\jdk1.8.0_65\bin\java.exe
0x00007ffc91920000 - 0x00007ffc91acd000 	C:\Windows\SYSTEM32\ntdll.dll
0x00007ffc91450000 - 0x00007ffc9158e000 	C:\Windows\system32\KERNEL32.DLL
0x00007ffc8ed00000 - 0x00007ffc8ee15000 	C:\Windows\system32\KERNELBASE.dll
0x00007ffc8d620000 - 0x00007ffc8d6ae000 	C:\Windows\system32\apphelp.dll
0x00007ffc8b300000 - 0x00007ffc8b353000 	C:\Windows\AppPatch\AppPatch64\AcGenral.DLL
0x00007ffc8f250000 - 0x00007ffc8f2fa000 	C:\Windows\system32\msvcrt.dll
0x00007ffc8eed0000 - 0x00007ffc8eefe000 	C:\Windows\system32\SspiCli.dll
0x00007ffc8f5a0000 - 0x00007ffc8f5f4000 	C:\Windows\system32\SHLWAPI.dll
0x00007ffc91100000 - 0x00007ffc91277000 	C:\Windows\system32\USER32.dll
0x00007ffc8f070000 - 0x00007ffc8f204000 	C:\Windows\system32\ole32.dll
0x00007ffc8f620000 - 0x00007ffc90b4a000 	C:\Windows\system32\SHELL32.dll
0x00007ffc8e020000 - 0x00007ffc8e041000 	C:\Windows\SYSTEM32\USERENV.dll
0x00007ffc90b60000 - 0x00007ffc90c0a000 	C:\Windows\system32\ADVAPI32.dll
0x00007ffc81d70000 - 0x00007ffc81d8e000 	C:\Windows\SYSTEM32\MPR.dll
0x00007ffc8f460000 - 0x00007ffc8f5a0000 	C:\Windows\system32\RPCRT4.dll
0x00007ffc916e0000 - 0x00007ffc91739000 	C:\Windows\SYSTEM32\sechost.dll
0x00007ffc90c10000 - 0x00007ffc90e21000 	C:\Windows\SYSTEM32\combase.dll
0x00007ffc91590000 - 0x00007ffc916df000 	C:\Windows\system32\GDI32.dll
0x00007ffc8ea50000 - 0x00007ffc8ea65000 	C:\Windows\SYSTEM32\profapi.dll
0x00007ffc8d560000 - 0x00007ffc8d612000 	C:\Windows\SYSTEM32\SHCORE.dll
0x00007ffc8f210000 - 0x00007ffc8f246000 	C:\Windows\system32\IMM32.DLL
0x00007ffc8f300000 - 0x00007ffc8f452000 	C:\Windows\system32\MSCTF.dll
0x00007ffc8b910000 - 0x00007ffc8bb8b000 	C:\Windows\WinSxS\amd64_microsoft.windows.common-controls_6595b64144ccf1df_6.0.9600.18006_none_623f33d3ecbe86e8\COMCTL32.dll
0x0000000071040000 - 0x0000000071112000 	C:\Program Files\Java\jdk1.8.0_65\jre\bin\msvcr100.dll
0x0000000071610000 - 0x0000000071e99000 	C:\Program Files\Java\jdk1.8.0_65\jre\bin\server\jvm.dll
0x00007ffc8d0f0000 - 0x00007ffc8d0f9000 	C:\Windows\SYSTEM32\WSOCK32.dll
0x00007ffc8ce90000 - 0x00007ffc8ceb2000 	C:\Windows\SYSTEM32\WINMM.dll
0x00007ffc86930000 - 0x00007ffc8693a000 	C:\Windows\SYSTEM32\VERSION.dll
0x00007ffc90f70000 - 0x00007ffc90f77000 	C:\Windows\system32\PSAPI.DLL
0x00007ffc90fe0000 - 0x00007ffc9103a000 	C:\Windows\system32\WS2_32.dll
0x00007ffc8ce40000 - 0x00007ffc8ce6a000 	C:\Windows\SYSTEM32\WINMMBASE.dll
0x00007ffc8f610000 - 0x00007ffc8f619000 	C:\Windows\system32\NSI.dll
0x00007ffc8ef60000 - 0x00007ffc8efaf000 	C:\Windows\SYSTEM32\cfgmgr32.dll
0x00007ffc8d890000 - 0x00007ffc8d8b8000 	C:\Windows\SYSTEM32\DEVOBJ.dll
0x0000000071520000 - 0x000000007152f000 	C:\Program Files\Java\jdk1.8.0_65\jre\bin\verify.dll
0x00000000714f0000 - 0x0000000071519000 	C:\Program Files\Java\jdk1.8.0_65\jre\bin\java.dll
0x00000000714d0000 - 0x00000000714e6000 	C:\Program Files\Java\jdk1.8.0_65\jre\bin\zip.dll

VM Arguments:
jvm_args: -Djava.awt.headless=true -Xmx1024M -Dfile.encoding=windows-1252 -Duser.country=US -Duser.language=en -Duser.variant 
java_command: com.android.dx.command.Main --dex --force-jumbo --num-threads=4 --multi-dex --output H:\SP\Tradesomev4\app\build\intermediates\transforms\dex\debug\folders\1000\5\slice_2 H:\SP\Tradesomev4\app\build\intermediates\transforms\instantRunSlicer\debug\folders\1\5\slice_2
java_class_path (initial): C:\Users\Pastillas-Boy\AppData\Local\Android\sdk\build-tools\23.0.3\lib\dx.jar
Launcher Type: SUN_STANDARD

Environment Variables:
PATH=C:\ProgramData\Oracle\Java\javapath;C:\Program Files (x86)\HP SimplePass\x64;C:\Program Files (x86)\HP SimplePass\;C:\Windows\system32;C:\Windows;C:\Windows\System32\Wbem;C:\Windows\System32\WindowsPowerShell\v1.0\;C:\Program Files (x86)\Intel\OpenCL SDK\2.0\bin\x86;C:\Program Files (x86)\Intel\OpenCL SDK\2.0\bin\x64;C:\Program Files\Java\jdk1.8.0_65\bin;C:\Dev-C++\Dev-Cpp\MinGW64\bin;C:\Program Files (x86)\Common Files\lenovo\easyplussdk\bin;C:\xampp\mysql\bin;C:\xampp\apache\bin;C:\openssl\bin
USERNAME=Pastillas-Boy
OS=Windows_NT
PROCESSOR_IDENTIFIER=Intel64 Family 6 Model 58 Stepping 9, GenuineIntel



---------------  S Y S T E M  ---------------

OS: Windows 8.1 , 64 bit Build 9600 (6.3.9600.17415)

CPU:total 4 (2 cores per cpu, 2 threads per core) family 6 model 58 stepping 9, cmov, cx8, fxsr, mmx, sse, sse2, sse3, ssse3, sse4.1, sse4.2, popcnt, avx, clmul, erms, ht, tsc, tscinvbit, tscinv

Memory: 4k page, physical 6184296k(1106668k free), swap 9330024k(4912k free)

vm_info: Java HotSpot(TM) 64-Bit Server VM (25.65-b01) for windows-amd64 JRE (1.8.0_65-b17), built on Oct  6 2015 16:39:20 by "java_re" with MS VC++ 10.0 (VS2010)

time: Sun Jul 10 16:35:20 2016
elapsed time: 4 seconds (0d 0h 0m 4s)

